Traceback (most recent call last):
  File "/home/seanc/.local/lib/python3.8/site-packages/jupyter_cache/executors/utils.py", line 51, in single_nb_execution
    executenb(
  File "/home/seanc/.local/lib/python3.8/site-packages/nbclient/client.py", line 1093, in execute
    return NotebookClient(nb=nb, resources=resources, km=km, **kwargs).execute()
  File "/home/seanc/.local/lib/python3.8/site-packages/nbclient/util.py", line 84, in wrapped
    return just_run(coro(*args, **kwargs))
  File "/home/seanc/.local/lib/python3.8/site-packages/nbclient/util.py", line 62, in just_run
    return loop.run_until_complete(coro)
  File "/usr/lib/python3.8/asyncio/base_events.py", line 616, in run_until_complete
    return future.result()
  File "/home/seanc/.local/lib/python3.8/site-packages/nbclient/client.py", line 559, in async_execute
    await self.async_execute_cell(
  File "/home/seanc/.local/lib/python3.8/site-packages/nbclient/client.py", line 854, in async_execute_cell
    self._check_raise_for_error(cell, exec_reply)
  File "/home/seanc/.local/lib/python3.8/site-packages/nbclient/client.py", line 756, in _check_raise_for_error
    raise CellExecutionError.from_cell_and_msg(cell, exec_reply_content)
nbclient.exceptions.CellExecutionError: An error occurred while executing the following cell:
------------------
# Plotting a horizontal bar chart for average base salary by position
fig, ax = plt.subplots()
ax.barh(ind, female_data['avg(basesalary)'], width, label='Female')
ax.barh(ind + width, male_data['avg(basesalary)'], width, label='Male')
ax.barh(ind + (2*width), other_data['avg(basesalary)'], width, label='Other')

ax.set(yticks=ind + width, 
       yticklabels=most_common_titles_list, 
       ylim=[2*width - 1, len(most_common_titles_list)],
      title="Salary Differences between Genders for top 10 Positions",
      xlabel="Average Salary",
      ylabel="Position")
ax.legend();
------------------

[0;31m---------------------------------------------------------------------------[0m
[0;31mNameError[0m                                 Traceback (most recent call last)
[0;32m<ipython-input-32-8ec8e63ecfa6>[0m in [0;36m<module>[0;34m[0m
[1;32m      1[0m [0;31m# Plotting a horizontal bar chart for average base salary by position[0m[0;34m[0m[0;34m[0m[0;34m[0m[0m
[1;32m      2[0m [0mfig[0m[0;34m,[0m [0max[0m [0;34m=[0m [0mplt[0m[0;34m.[0m[0msubplots[0m[0;34m([0m[0;34m)[0m[0;34m[0m[0;34m[0m[0m
[0;32m----> 3[0;31m [0max[0m[0;34m.[0m[0mbarh[0m[0;34m([0m[0mind[0m[0;34m,[0m [0mfemale_data[0m[0;34m[[0m[0;34m'avg(basesalary)'[0m[0;34m][0m[0;34m,[0m [0mwidth[0m[0;34m,[0m [0mlabel[0m[0;34m=[0m[0;34m'Female'[0m[0;34m)[0m[0;34m[0m[0;34m[0m[0m
[0m[1;32m      4[0m [0max[0m[0;34m.[0m[0mbarh[0m[0;34m([0m[0mind[0m [0;34m+[0m [0mwidth[0m[0;34m,[0m [0mmale_data[0m[0;34m[[0m[0;34m'avg(basesalary)'[0m[0;34m][0m[0;34m,[0m [0mwidth[0m[0;34m,[0m [0mlabel[0m[0;34m=[0m[0;34m'Male'[0m[0;34m)[0m[0;34m[0m[0;34m[0m[0m
[1;32m      5[0m [0max[0m[0;34m.[0m[0mbarh[0m[0;34m([0m[0mind[0m [0;34m+[0m [0;34m([0m[0;36m2[0m[0;34m*[0m[0mwidth[0m[0;34m)[0m[0;34m,[0m [0mother_data[0m[0;34m[[0m[0;34m'avg(basesalary)'[0m[0;34m][0m[0;34m,[0m [0mwidth[0m[0;34m,[0m [0mlabel[0m[0;34m=[0m[0;34m'Other'[0m[0;34m)[0m[0;34m[0m[0;34m[0m[0m

[0;31mNameError[0m: name 'ind' is not defined
NameError: name 'ind' is not defined

